GenOpt(R) Optimization Version 3.1.0, December 8, 2011

Lawrence Berkeley National Laboratory
http://simulationresearch.lbl.gov
Michael Wetter, MWetter@lbl.gov

GenOpt Copyright (c) 1998-2011, The Regents of the
University of California, through Lawrence Berkeley
National Laboratory (subject to receipt of any 
required approvals from the U.S. Dept. of Energy).
All rights reserved.

The development of GenOpt is supported by
the U.S. Department of Energy (DOE),
the Swiss Academy of Engineering Sciences (SATW),
the Swiss National Energy Fund (NEFF), and
the Swiss National Science Foundation (SNSF).
_______________________________________________________________

Configuration file : C:\Users\alexa\AI_DATA\ModelicaLibraries\modelica-annex60_BuildingDesign\SolarHeatingSystem\optWinXP.ini
Command file       : C:\Users\alexa\AI_DATA\ModelicaLibraries\modelica-annex60_BuildingDesign\SolarHeatingSystem\command.txt

Optimization started  at : Mon Jul 25 13:41:59 CEST 2016
Optimization finished at : Mon Jul 25 14:49:06 CEST 2016
Execution time           :            01:07:08
_______________________________________________________________

Optimization completed successfully.
